1615445347086	geckodriver	INFO	Listening on 127.0.0.1:58225
1615445348085	mozrunner::runner	INFO	Running command: "/usr/bin/firefox" "--marionette" "-foreground" "-no-remote" "-profile" "/tmp/rust_mozprofilejbleW5"
console.warn: SearchSettings: "get: No settings file exists, new profile?" (new Error("", "(unknown module)"))
1615445349502	Marionette	INFO	Listening on port 41409
1615445349613	Marionette	WARN	TLS certificate errors will be ignored for this session
1615445354369	Marionette	INFO	Stopped listening on port 41409
1615445409361	geckodriver	INFO	Listening on 127.0.0.1:42323
1615445409365	mozrunner::runner	INFO	Running command: "/usr/bin/firefox" "--marionette" "-foreground" "-no-remote" "-profile" "/tmp/rust_mozprofile82vcYW"
console.warn: SearchSettings: "get: No settings file exists, new profile?" (new Error("", "(unknown module)"))
1615445410936	Marionette	INFO	Listening on port 46421
1615445410984	Marionette	WARN	TLS certificate errors will be ignored for this session
Exiting due to channel error.
Exiting due to channel error.
Exiting due to channel error.
1615445456195	geckodriver	INFO	Listening on 127.0.0.1:49283
1615445456199	mozrunner::runner	INFO	Running command: "/usr/bin/firefox" "--marionette" "-foreground" "-no-remote" "-profile" "/tmp/rust_mozprofilerk2N38"
console.warn: SearchSettings: "get: No settings file exists, new profile?" (new Error("", "(unknown module)"))
1615445457554	Marionette	INFO	Listening on port 44001
1615445457625	Marionette	WARN	TLS certificate errors will be ignored for this session
Exiting due to channel error.
Exiting due to channel error.
Exiting due to channel error.
1615445531544	geckodriver	INFO	Listening on 127.0.0.1:54201
1615445531548	mozrunner::runner	INFO	Running command: "/usr/bin/firefox" "--marionette" "-foreground" "-no-remote" "-profile" "/tmp/rust_mozprofilexeFrg7"
console.warn: SearchSettings: "get: No settings file exists, new profile?" (new Error("", "(unknown module)"))
1615445532961	Marionette	INFO	Listening on port 40149
1615445533071	Marionette	WARN	TLS certificate errors will be ignored for this session
Exiting due to channel error.
Exiting due to channel error.
Exiting due to channel error.
1615445583054	geckodriver	INFO	Listening on 127.0.0.1:60983
1615445583057	mozrunner::runner	INFO	Running command: "/usr/bin/firefox" "--marionette" "-foreground" "-no-remote" "-profile" "/tmp/rust_mozprofile1CJDxi"
console.warn: SearchSettings: "get: No settings file exists, new profile?" (new Error("", "(unknown module)"))
1615445584523	Marionette	INFO	Listening on port 42881
1615445584585	Marionette	WARN	TLS certificate errors will be ignored for this session
1615445676304	Marionette	INFO	Stopped listening on port 42881
1615445714873	geckodriver	INFO	Listening on 127.0.0.1:58491
1615445714876	mozrunner::runner	INFO	Running command: "/usr/bin/firefox" "--marionette" "-foreground" "-no-remote" "-profile" "/tmp/rust_mozprofiledbUbR6"
console.warn: SearchSettings: "get: No settings file exists, new profile?" (new Error("", "(unknown module)"))
1615445716296	Marionette	INFO	Listening on port 45935
1615445716400	Marionette	WARN	TLS certificate errors will be ignored for this session
JavaScript error: https://vjudge.net/static/bundle/vendor.8593792cff499a820281.js, line 1: ReferenceError: webpackJsonp is not defined
JavaScript error: https://vjudge.net/static/bundle/app.a23e1b78d5f5cc468e48.js, line 1: ReferenceError: webpackJsonp is not defined
Exiting due to channel error.
Exiting due to channel error.
Exiting due to channel error.
1615445800010	geckodriver	INFO	Listening on 127.0.0.1:53279
1615445800015	mozrunner::runner	INFO	Running command: "/usr/bin/firefox" "--marionette" "-foreground" "-no-remote" "-profile" "/tmp/rust_mozprofile3eICu1"
console.warn: SearchSettings: "get: No settings file exists, new profile?" (new Error("", "(unknown module)"))
1615445801501	Marionette	INFO	Listening on port 34969
1615445801537	Marionette	WARN	TLS certificate errors will be ignored for this session
1615445866378	Marionette	INFO	Stopped listening on port 34969
1615445890305	geckodriver	INFO	Listening on 127.0.0.1:48671
1615445890309	mozrunner::runner	INFO	Running command: "/usr/bin/firefox" "--marionette" "-foreground" "-no-remote" "-profile" "/tmp/rust_mozprofilefXGgD6"
console.warn: SearchSettings: "get: No settings file exists, new profile?" (new Error("", "(unknown module)"))
1615445891728	Marionette	INFO	Listening on port 39499
1615445891831	Marionette	WARN	TLS certificate errors will be ignored for this session
Exiting due to channel error.
Exiting due to channel error.
Exiting due to channel error.
1615445980801	geckodriver	INFO	Listening on 127.0.0.1:47891
1615445980805	mozrunner::runner	INFO	Running command: "/usr/bin/firefox" "--marionette" "-foreground" "-no-remote" "-profile" "/tmp/rust_mozprofileVja2K9"
console.warn: SearchSettings: "get: No settings file exists, new profile?" (new Error("", "(unknown module)"))
1615445982197	Marionette	INFO	Listening on port 33455
1615445982237	Marionette	WARN	TLS certificate errors will be ignored for this session
Exiting due to channel error.
Exiting due to channel error.
Exiting due to channel error.
1615446055061	geckodriver	INFO	Listening on 127.0.0.1:50863
1615446055065	mozrunner::runner	INFO	Running command: "/usr/bin/firefox" "--marionette" "-foreground" "-no-remote" "-profile" "/tmp/rust_mozprofileVqnnyx"
console.warn: SearchSettings: "get: No settings file exists, new profile?" (new Error("", "(unknown module)"))
1615446056626	Marionette	INFO	Listening on port 39223
1615446056685	Marionette	WARN	TLS certificate errors will be ignored for this session
1615446072626	Marionette	INFO	Stopped listening on port 39223

###!!! [Parent][RunMessage] Error: Channel closing: too late to send/recv, messages will be lost

1615446262389	geckodriver	INFO	Listening on 127.0.0.1:33841
1615446262393	mozrunner::runner	INFO	Running command: "/usr/bin/firefox" "--marionette" "-foreground" "-no-remote" "-profile" "/tmp/rust_mozprofiler3l7K0"
console.warn: SearchSettings: "get: No settings file exists, new profile?" (new Error("", "(unknown module)"))
1615446263857	Marionette	INFO	Listening on port 45761
1615446263918	Marionette	WARN	TLS certificate errors will be ignored for this session
Exiting due to channel error.
Exiting due to channel error.
Exiting due to channel error.
1615446314161	geckodriver	INFO	Listening on 127.0.0.1:52635
1615446314165	mozrunner::runner	INFO	Running command: "/usr/bin/firefox" "--marionette" "-foreground" "-no-remote" "-profile" "/tmp/rust_mozprofile6s3f05"
console.warn: SearchSettings: "get: No settings file exists, new profile?" (new Error("", "(unknown module)"))
1615446315530	Marionette	INFO	Listening on port 36603
1615446315589	Marionette	WARN	TLS certificate errors will be ignored for this session
1615446349412	Marionette	INFO	Stopped listening on port 36603
1615446362174	geckodriver	INFO	Listening on 127.0.0.1:46901
1615446362179	mozrunner::runner	INFO	Running command: "/usr/bin/firefox" "--marionette" "-foreground" "-no-remote" "-profile" "/tmp/rust_mozprofilebQ6a0B"
console.warn: SearchSettings: "get: No settings file exists, new profile?" (new Error("", "(unknown module)"))
1615446363633	Marionette	INFO	Listening on port 39545
1615446363707	Marionette	WARN	TLS certificate errors will be ignored for this session
Exiting due to channel error.
Exiting due to channel error.
Exiting due to channel error.
1615446483157	geckodriver	INFO	Listening on 127.0.0.1:49653
1615446483160	mozrunner::runner	INFO	Running command: "/usr/bin/firefox" "--marionette" "-foreground" "-no-remote" "-profile" "/tmp/rust_mozprofileAUSqnL"
console.warn: SearchSettings: "get: No settings file exists, new profile?" (new Error("", "(unknown module)"))
1615446484532	Marionette	INFO	Listening on port 40503
1615446484579	Marionette	WARN	TLS certificate errors will be ignored for this session
1615446503668	Marionette	INFO	Stopped listening on port 40503

###!!! [Parent][RunMessage] Error: Channel closing: too late to send/recv, messages will be lost

1615446690865	geckodriver	INFO	Listening on 127.0.0.1:33133
1615446690869	mozrunner::runner	INFO	Running command: "/usr/bin/firefox" "--marionette" "-foreground" "-no-remote" "-profile" "/tmp/rust_mozprofileDtSJOc"
console.warn: SearchSettings: "get: No settings file exists, new profile?" (new Error("", "(unknown module)"))
1615446692271	Marionette	INFO	Listening on port 42195
1615446692287	Marionette	WARN	TLS certificate errors will be ignored for this session
Exiting due to channel error.
Exiting due to channel error.
Exiting due to channel error.
1615446736792	geckodriver	INFO	Listening on 127.0.0.1:55903
1615446736796	mozrunner::runner	INFO	Running command: "/usr/bin/firefox" "--marionette" "-foreground" "-no-remote" "-profile" "/tmp/rust_mozprofilezERkkB"
console.warn: SearchSettings: "get: No settings file exists, new profile?" (new Error("", "(unknown module)"))
1615446738240	Marionette	INFO	Listening on port 36115
1615446738333	Marionette	WARN	TLS certificate errors will be ignored for this session
1615446760982	Marionette	INFO	Stopped listening on port 36115
1615446805175	geckodriver	INFO	Listening on 127.0.0.1:36357
1615446805179	mozrunner::runner	INFO	Running command: "/usr/bin/firefox" "--marionette" "-foreground" "-no-remote" "-profile" "/tmp/rust_mozprofilevOQbxR"
console.warn: SearchSettings: "get: No settings file exists, new profile?" (new Error("", "(unknown module)"))
1615446806589	Marionette	INFO	Listening on port 42241
1615446806699	Marionette	WARN	TLS certificate errors will be ignored for this session
Exiting due to channel error.
Exiting due to channel error.
Exiting due to channel error.
1615446916586	geckodriver	INFO	Listening on 127.0.0.1:53117
1615446916590	mozrunner::runner	INFO	Running command: "/usr/bin/firefox" "--marionette" "-foreground" "-no-remote" "-profile" "/tmp/rust_mozprofilehUuzQj"
console.warn: SearchSettings: "get: No settings file exists, new profile?" (new Error("", "(unknown module)"))
1615446918010	Marionette	INFO	Listening on port 46535
1615446918108	Marionette	WARN	TLS certificate errors will be ignored for this session
Exiting due to channel error.
Exiting due to channel error.
Exiting due to channel error.
1615446971545	geckodriver	INFO	Listening on 127.0.0.1:54151
1615446971549	mozrunner::runner	INFO	Running command: "/usr/bin/firefox" "--marionette" "-foreground" "-no-remote" "-profile" "/tmp/rust_mozprofilem1CZBf"
console.warn: SearchSettings: "get: No settings file exists, new profile?" (new Error("", "(unknown module)"))
1615446973083	Marionette	INFO	Listening on port 42209
1615446973193	Marionette	WARN	TLS certificate errors will be ignored for this session
IPDL protocol error: Handler returned error code!

###!!! [Parent][DispatchAsyncMessage] Error: PLayerTransaction::Msg_ReleaseLayer Processing error: message was deserialized, but the handler returned false (indicating failure)

IPDL protocol error: Handler returned error code!

###!!! [Parent][DispatchAsyncMessage] Error: PLayerTransaction::Msg_ReleaseLayer Processing error: message was deserialized, but the handler returned false (indicating failure)

IPDL protocol error: Handler returned error code!

###!!! [Parent][DispatchAsyncMessage] Error: PLayerTransaction::Msg_ReleaseLayer Processing error: message was deserialized, but the handler returned false (indicating failure)

IPDL protocol error: Handler returned error code!

###!!! [Parent][DispatchAsyncMessage] Error: PLayerTransaction::Msg_ReleaseLayer Processing error: message was deserialized, but the handler returned false (indicating failure)

IPDL protocol error: Handler returned error code!

###!!! [Parent][DispatchAsyncMessage] Error: PLayerTransaction::Msg_ReleaseLayer Processing error: message was deserialized, but the handler returned false (indicating failure)

IPDL protocol error: Handler returned error code!

###!!! [Parent][DispatchAsyncMessage] Error: PLayerTransaction::Msg_ReleaseLayer Processing error: message was deserialized, but the handler returned false (indicating failure)

IPDL protocol error: Handler returned error code!

###!!! [Parent][DispatchAsyncMessage] Error: PLayerTransaction::Msg_ReleaseLayer Processing error: message was deserialized, but the handler returned false (indicating failure)

IPDL protocol error: Handler returned error code!

###!!! [Parent][DispatchAsyncMessage] Error: PLayerTransaction::Msg_ReleaseLayer Processing error: message was deserialized, but the handler returned false (indicating failure)

IPDL protocol error: Handler returned error code!

###!!! [Parent][DispatchAsyncMessage] Error: PLayerTransaction::Msg_ReleaseLayer Processing error: message was deserialized, but the handler returned false (indicating failure)

IPDL protocol error: Handler returned error code!

###!!! [Parent][DispatchAsyncMessage] Error: PLayerTransaction::Msg_ReleaseLayer Processing error: message was deserialized, but the handler returned false (indicating failure)

IPDL protocol error: Handler returned error code!

###!!! [Parent][DispatchAsyncMessage] Error: PLayerTransaction::Msg_ReleaseLayer Processing error: message was deserialized, but the handler returned false (indicating failure)

IPDL protocol error: Handler returned error code!

###!!! [Parent][DispatchAsyncMessage] Error: PLayerTransaction::Msg_ReleaseLayer Processing error: message was deserialized, but the handler returned false (indicating failure)

IPDL protocol error: Handler returned error code!

###!!! [Parent][DispatchAsyncMessage] Error: PLayerTransaction::Msg_ReleaseLayer Processing error: message was deserialized, but the handler returned false (indicating failure)

IPDL protocol error: Handler returned error code!

###!!! [Parent][DispatchAsyncMessage] Error: PLayerTransaction::Msg_ReleaseLayer Processing error: message was deserialized, but the handler returned false (indicating failure)

IPDL protocol error: Handler returned error code!

###!!! [Parent][DispatchAsyncMessage] Error: PLayerTransaction::Msg_ReleaseLayer Processing error: message was deserialized, but the handler returned false (indicating failure)

IPDL protocol error: Handler returned error code!

###!!! [Parent][DispatchAsyncMessage] Error: PLayerTransaction::Msg_ReleaseLayer Processing error: message was deserialized, but the handler returned false (indicating failure)

IPDL protocol error: Handler returned error code!

###!!! [Parent][DispatchAsyncMessage] Error: PLayerTransaction::Msg_ReleaseLayer Processing error: message was deserialized, but the handler returned false (indicating failure)

1615447005537	Marionette	INFO	Stopped listening on port 42209
1615447077635	geckodriver	INFO	Listening on 127.0.0.1:37521
1615447077640	mozrunner::runner	INFO	Running command: "/usr/bin/firefox" "--marionette" "-foreground" "-no-remote" "-profile" "/tmp/rust_mozprofile4C3j71"
console.warn: SearchSettings: "get: No settings file exists, new profile?" (new Error("", "(unknown module)"))
1615447079059	Marionette	INFO	Listening on port 40747
1615447079161	Marionette	WARN	TLS certificate errors will be ignored for this session
Exiting due to channel error.
Exiting due to channel error.
Exiting due to channel error.
1615447106057	geckodriver	INFO	Listening on 127.0.0.1:40551
1615447106062	mozrunner::runner	INFO	Running command: "/usr/bin/firefox" "--marionette" "-foreground" "-no-remote" "-profile" "/tmp/rust_mozprofileD06BK3"
console.warn: SearchSettings: "get: No settings file exists, new profile?" (new Error("", "(unknown module)"))
1615447107728	Marionette	INFO	Listening on port 38439
1615447107784	Marionette	WARN	TLS certificate errors will be ignored for this session
Exiting due to channel error.
Exiting due to channel error.
Exiting due to channel error.
1615447131533	geckodriver	INFO	Listening on 127.0.0.1:53575
1615447131537	mozrunner::runner	INFO	Running command: "/usr/bin/firefox" "--marionette" "-foreground" "-no-remote" "-profile" "/tmp/rust_mozprofilevi4bWe"
console.warn: SearchSettings: "get: No settings file exists, new profile?" (new Error("", "(unknown module)"))
1615447133075	Marionette	INFO	Listening on port 44271
1615447133159	Marionette	WARN	TLS certificate errors will be ignored for this session
console.warn: LoginRecipes: "getRecipes: falling back to a synchronous message for:" "https://vjudge.net"
Exiting due to channel error.
Exiting due to channel error.
Exiting due to channel error.
1615447255464	geckodriver	INFO	Listening on 127.0.0.1:45109
1615447255470	mozrunner::runner	INFO	Running command: "/usr/bin/firefox" "--marionette" "-foreground" "-no-remote" "-profile" "/tmp/rust_mozprofileR8agCM"
console.warn: SearchSettings: "get: No settings file exists, new profile?" (new Error("", "(unknown module)"))
1615447256936	Marionette	INFO	Listening on port 41079
1615447256988	Marionette	WARN	TLS certificate errors will be ignored for this session
Exiting due to channel error.
Exiting due to channel error.
Exiting due to channel error.
1615447291329	geckodriver	INFO	Listening on 127.0.0.1:38455
1615447291333	mozrunner::runner	INFO	Running command: "/usr/bin/firefox" "--marionette" "-foreground" "-no-remote" "-profile" "/tmp/rust_mozprofileOhBBUk"
console.warn: SearchSettings: "get: No settings file exists, new profile?" (new Error("", "(unknown module)"))
1615447292702	Marionette	INFO	Listening on port 42763
1615447292758	Marionette	WARN	TLS certificate errors will be ignored for this session
console.warn: LoginRecipes: "getRecipes: falling back to a synchronous message for:" "https://vjudge.net"
console.warn: LoginRecipes: "getRecipes: falling back to a synchronous message for:" "https://vjudge.net"
Exiting due to channel error.
Exiting due to channel error.
Exiting due to channel error.
1615447352879	geckodriver	INFO	Listening on 127.0.0.1:55027
1615447352883	mozrunner::runner	INFO	Running command: "/usr/bin/firefox" "--marionette" "-foreground" "-no-remote" "-profile" "/tmp/rust_mozprofileP2JX2L"
console.warn: SearchSettings: "get: No settings file exists, new profile?" (new Error("", "(unknown module)"))
1615447354326	Marionette	INFO	Listening on port 44689
1615447354408	Marionette	WARN	TLS certificate errors will be ignored for this session
Exiting due to channel error.
Exiting due to channel error.
Exiting due to channel error.
1615447390323	geckodriver	INFO	Listening on 127.0.0.1:37981
1615447390327	mozrunner::runner	INFO	Running command: "/usr/bin/firefox" "--marionette" "-foreground" "-no-remote" "-profile" "/tmp/rust_mozprofilen6MeAK"
console.warn: SearchSettings: "get: No settings file exists, new profile?" (new Error("", "(unknown module)"))
1615447391797	Marionette	INFO	Listening on port 36245
1615447391847	Marionette	WARN	TLS certificate errors will be ignored for this session
Exiting due to channel error.
Exiting due to channel error.
Exiting due to channel error.
1615447442503	geckodriver	INFO	Listening on 127.0.0.1:51905
1615447442507	mozrunner::runner	INFO	Running command: "/usr/bin/firefox" "--marionette" "-foreground" "-no-remote" "-profile" "/tmp/rust_mozprofilepsrRzU"
console.warn: SearchSettings: "get: No settings file exists, new profile?" (new Error("", "(unknown module)"))
1615447443898	Marionette	INFO	Listening on port 42085
1615447443922	Marionette	WARN	TLS certificate errors will be ignored for this session
console.warn: LoginRecipes: "getRecipes: falling back to a synchronous message for:" "https://vjudge.net"
console.warn: LoginRecipes: "getRecipes: falling back to a synchronous message for:" "https://vjudge.net"
console.warn: LoginRecipes: "getRecipes: falling back to a synchronous message for:" "https://vjudge.net"
console.error: (new TypeError("parent is null", "resource://devtools/client/inspector/shared/style-change-tracker.js", 67))
TypeError: parent is null: canMutationImpactCurrentStyles@resource://devtools/client/inspector/shared/style-change-tracker.js:67:24
onMutations@resource://devtools/client/inspector/shared/style-change-tracker.js:84:41
_emit@resource://devtools/shared/event-emitter.js:226:34
emit@resource://devtools/shared/event-emitter.js:172:18
emit@resource://devtools/shared/event-emitter.js:324:18
getMutations@resource://devtools/client/fronts/walker.js:358:10

console.log: WebExtensions: reset-default-search: No addons in our list are installed.
Exiting due to channel error.
Exiting due to channel error.
Exiting due to channel error.
1615448393066	geckodriver	INFO	Listening on 127.0.0.1:40519
1615448393069	mozrunner::runner	INFO	Running command: "/usr/bin/firefox" "--marionette" "-foreground" "-no-remote" "-profile" "/tmp/rust_mozprofileg0cdCK"
console.warn: SearchSettings: "get: No settings file exists, new profile?" (new Error("", "(unknown module)"))
1615448394714	Marionette	INFO	Listening on port 38099
1615448394796	Marionette	WARN	TLS certificate errors will be ignored for this session
IPDL protocol error: Handler returned error code!

###!!! [Parent][DispatchAsyncMessage] Error: PLayerTransaction::Msg_ReleaseLayer Processing error: message was deserialized, but the handler returned false (indicating failure)

IPDL protocol error: Handler returned error code!

###!!! [Parent][DispatchAsyncMessage] Error: PLayerTransaction::Msg_ReleaseLayer Processing error: message was deserialized, but the handler returned false (indicating failure)

IPDL protocol error: Handler returned error code!

###!!! [Parent][DispatchAsyncMessage] Error: PLayerTransaction::Msg_ReleaseLayer Processing error: message was deserialized, but the handler returned false (indicating failure)

IPDL protocol error: Handler returned error code!

###!!! [Parent][DispatchAsyncMessage] Error: PLayerTransaction::Msg_ReleaseLayer Processing error: message was deserialized, but the handler returned false (indicating failure)

IPDL protocol error: Handler returned error code!

###!!! [Parent][DispatchAsyncMessage] Error: PLayerTransaction::Msg_ReleaseLayer Processing error: message was deserialized, but the handler returned false (indicating failure)

IPDL protocol error: Handler returned error code!

###!!! [Parent][DispatchAsyncMessage] Error: PLayerTransaction::Msg_ReleaseLayer Processing error: message was deserialized, but the handler returned false (indicating failure)

IPDL protocol error: Handler returned error code!

###!!! [Parent][DispatchAsyncMessage] Error: PLayerTransaction::Msg_ReleaseLayer Processing error: message was deserialized, but the handler returned false (indicating failure)

IPDL protocol error: Handler returned error code!

###!!! [Parent][DispatchAsyncMessage] Error: PLayerTransaction::Msg_ReleaseLayer Processing error: message was deserialized, but the handler returned false (indicating failure)

IPDL protocol error: Handler returned error code!

###!!! [Parent][DispatchAsyncMessage] Error: PLayerTransaction::Msg_ReleaseLayer Processing error: message was deserialized, but the handler returned false (indicating failure)

IPDL protocol error: Handler returned error code!

###!!! [Parent][DispatchAsyncMessage] Error: PLayerTransaction::Msg_ReleaseLayer Processing error: message was deserialized, but the handler returned false (indicating failure)

IPDL protocol error: Handler returned error code!

###!!! [Parent][DispatchAsyncMessage] Error: PLayerTransaction::Msg_ReleaseLayer Processing error: message was deserialized, but the handler returned false (indicating failure)

IPDL protocol error: Handler returned error code!

###!!! [Parent][DispatchAsyncMessage] Error: PLayerTransaction::Msg_ReleaseLayer Processing error: message was deserialized, but the handler returned false (indicating failure)

IPDL protocol error: Handler returned error code!

###!!! [Parent][DispatchAsyncMessage] Error: PLayerTransaction::Msg_ReleaseLayer Processing error: message was deserialized, but the handler returned false (indicating failure)

IPDL protocol error: Handler returned error code!

###!!! [Parent][DispatchAsyncMessage] Error: PLayerTransaction::Msg_ReleaseLayer Processing error: message was deserialized, but the handler returned false (indicating failure)

IPDL protocol error: Handler returned error code!

###!!! [Parent][DispatchAsyncMessage] Error: PLayerTransaction::Msg_ReleaseLayer Processing error: message was deserialized, but the handler returned false (indicating failure)

IPDL protocol error: Handler returned error code!

###!!! [Parent][DispatchAsyncMessage] Error: PLayerTransaction::Msg_ReleaseLayer Processing error: message was deserialized, but the handler returned false (indicating failure)

IPDL protocol error: Handler returned error code!

###!!! [Parent][DispatchAsyncMessage] Error: PLayerTransaction::Msg_ReleaseLayer Processing error: message was deserialized, but the handler returned false (indicating failure)

Marionette threw an error: TypeError: browsingContextFn() is null
getMarionetteCommandsActorProxy/get/<@chrome://marionette/content/actors/MarionetteCommandsParent.jsm:332:29

1615448434388	Marionette	INFO	Stopped listening on port 38099
1615448558742	geckodriver	INFO	Listening on 127.0.0.1:59815
1615448558746	mozrunner::runner	INFO	Running command: "/usr/bin/firefox" "--marionette" "-foreground" "-no-remote" "-profile" "/tmp/rust_mozprofileVzrlru"
console.warn: SearchSettings: "get: No settings file exists, new profile?" (new Error("", "(unknown module)"))
1615448560244	Marionette	INFO	Listening on port 37401
1615448560264	Marionette	WARN	TLS certificate errors will be ignored for this session
1615448766629	geckodriver	INFO	Listening on 127.0.0.1:33297
1615448766633	mozrunner::runner	INFO	Running command: "/usr/bin/firefox" "--marionette" "-foreground" "-no-remote" "-profile" "/tmp/rust_mozprofileYHw6Nz"
console.warn: SearchSettings: "get: No settings file exists, new profile?" (new Error("", "(unknown module)"))
1615448768046	Marionette	INFO	Listening on port 44851
1615448768157	Marionette	WARN	TLS certificate errors will be ignored for this session
Exiting due to channel error.
Exiting due to channel error.
Exiting due to channel error.
1615448909247	geckodriver	INFO	Listening on 127.0.0.1:36799
1615448909251	mozrunner::runner	INFO	Running command: "/usr/bin/firefox" "--marionette" "-foreground" "-no-remote" "-profile" "/tmp/rust_mozprofiletq9MMk"
console.warn: SearchSettings: "get: No settings file exists, new profile?" (new Error("", "(unknown module)"))
1615448910703	Marionette	INFO	Listening on port 44877
1615448910779	Marionette	WARN	TLS certificate errors will be ignored for this session
Exiting due to channel error.
Exiting due to channel error.
Exiting due to channel error.
1615449075524	geckodriver	INFO	Listening on 127.0.0.1:48007
1615449075528	mozrunner::runner	INFO	Running command: "/usr/bin/firefox" "--marionette" "-foreground" "-no-remote" "-profile" "/tmp/rust_mozprofilehT5Xyt"
console.warn: SearchSettings: "get: No settings file exists, new profile?" (new Error("", "(unknown module)"))
1615449077039	Marionette	INFO	Listening on port 35139
1615449077146	Marionette	WARN	TLS certificate errors will be ignored for this session
Exiting due to channel error.
Exiting due to channel error.
Exiting due to channel error.
1615449111297	geckodriver	INFO	Listening on 127.0.0.1:35061
1615449111301	mozrunner::runner	INFO	Running command: "/usr/bin/firefox" "--marionette" "-foreground" "-no-remote" "-profile" "/tmp/rust_mozprofileRYVIeg"
console.warn: SearchSettings: "get: No settings file exists, new profile?" (new Error("", "(unknown module)"))
1615449112754	Marionette	INFO	Listening on port 34299
1615449112826	Marionette	WARN	TLS certificate errors will be ignored for this session
Exiting due to channel error.
Exiting due to channel error.
Exiting due to channel error.
1615449255730	geckodriver	INFO	Listening on 127.0.0.1:44305
1615449255734	mozrunner::runner	INFO	Running command: "/usr/bin/firefox" "--marionette" "-foreground" "-no-remote" "-profile" "/tmp/rust_mozprofileeuwgoc"
console.warn: SearchSettings: "get: No settings file exists, new profile?" (new Error("", "(unknown module)"))
1615449257122	Marionette	INFO	Listening on port 43061
1615449257158	Marionette	WARN	TLS certificate errors will be ignored for this session
Exiting due to channel error.
Exiting due to channel error.
Exiting due to channel error.
1615449290507	geckodriver	INFO	Listening on 127.0.0.1:59171
1615449290512	mozrunner::runner	INFO	Running command: "/usr/bin/firefox" "--marionette" "-foreground" "-no-remote" "-profile" "/tmp/rust_mozprofilegMykfP"
console.warn: SearchSettings: "get: No settings file exists, new profile?" (new Error("", "(unknown module)"))
1615449291894	Marionette	INFO	Listening on port 46505
1615449291934	Marionette	WARN	TLS certificate errors will be ignored for this session
Exiting due to channel error.
Exiting due to channel error.
Exiting due to channel error.
1615449658244	geckodriver	INFO	Listening on 127.0.0.1:57783
1615449658248	mozrunner::runner	INFO	Running command: "/usr/bin/firefox" "--marionette" "-foreground" "-no-remote" "-profile" "/tmp/rust_mozprofilewDYuKx"
console.warn: SearchSettings: "get: No settings file exists, new profile?" (new Error("", "(unknown module)"))
1615449659669	Marionette	INFO	Listening on port 39633
1615449659770	Marionette	WARN	TLS certificate errors will be ignored for this session
Exiting due to channel error.
Exiting due to channel error.
Exiting due to channel error.
1615449779827	geckodriver	INFO	Listening on 127.0.0.1:46507
1615449779832	mozrunner::runner	INFO	Running command: "/usr/bin/firefox" "--marionette" "-foreground" "-no-remote" "-profile" "/tmp/rust_mozprofilewRJqsV"
console.warn: SearchSettings: "get: No settings file exists, new profile?" (new Error("", "(unknown module)"))
1615449781231	Marionette	INFO	Listening on port 44041
1615449781251	Marionette	WARN	TLS certificate errors will be ignored for this session
Exiting due to channel error.
Exiting due to channel error.
Exiting due to channel error.
1615449855195	geckodriver	INFO	Listening on 127.0.0.1:38761
1615449855199	mozrunner::runner	INFO	Running command: "/usr/bin/firefox" "--marionette" "-foreground" "-no-remote" "-profile" "/tmp/rust_mozprofileMNolxT"
console.warn: SearchSettings: "get: No settings file exists, new profile?" (new Error("", "(unknown module)"))
1615449856826	Marionette	INFO	Listening on port 41403
1615449856920	Marionette	WARN	TLS certificate errors will be ignored for this session
Exiting due to channel error.
Exiting due to channel error.
Exiting due to channel error.
1615449890425	geckodriver	INFO	Listening on 127.0.0.1:38289
1615449890430	mozrunner::runner	INFO	Running command: "/usr/bin/firefox" "--marionette" "-foreground" "-no-remote" "-profile" "/tmp/rust_mozprofilewazEo0"
console.warn: SearchSettings: "get: No settings file exists, new profile?" (new Error("", "(unknown module)"))
1615449891835	Marionette	INFO	Listening on port 33107
1615449891951	Marionette	WARN	TLS certificate errors will be ignored for this session
Exiting due to channel error.
Exiting due to channel error.
Exiting due to channel error.
1615450020640	geckodriver	INFO	Listening on 127.0.0.1:39423
1615450020643	mozrunner::runner	INFO	Running command: "/usr/bin/firefox" "--marionette" "-foreground" "-no-remote" "-profile" "/tmp/rust_mozprofile64bio3"
console.warn: SearchSettings: "get: No settings file exists, new profile?" (new Error("", "(unknown module)"))
1615450022025	Marionette	INFO	Listening on port 42271
1615450022062	Marionette	WARN	TLS certificate errors will be ignored for this session
Exiting due to channel error.
Exiting due to channel error.
Exiting due to channel error.
1615450060438	geckodriver	INFO	Listening on 127.0.0.1:38483
1615450060443	mozrunner::runner	INFO	Running command: "/usr/bin/firefox" "--marionette" "-foreground" "-no-remote" "-profile" "/tmp/rust_mozprofileMXTKeK"
console.warn: SearchSettings: "get: No settings file exists, new profile?" (new Error("", "(unknown module)"))
1615450061873	Marionette	INFO	Listening on port 41141
1615450061965	Marionette	WARN	TLS certificate errors will be ignored for this session
Exiting due to channel error.
Exiting due to channel error.
Exiting due to channel error.
1615450607190	geckodriver	INFO	Listening on 127.0.0.1:54273
1615450607195	mozrunner::runner	INFO	Running command: "/usr/bin/firefox" "--marionette" "-foreground" "-no-remote" "-profile" "/tmp/rust_mozprofile6K98mC"
console.warn: SearchSettings: "get: No settings file exists, new profile?" (new Error("", "(unknown module)"))
1615450608714	Marionette	INFO	Listening on port 36407
1615450608841	Marionette	WARN	TLS certificate errors will be ignored for this session
1615450625373	Marionette	INFO	Stopped listening on port 36407
1615450658948	geckodriver	INFO	Listening on 127.0.0.1:53801
1615450658951	mozrunner::runner	INFO	Running command: "/usr/bin/firefox" "--marionette" "-foreground" "-no-remote" "-profile" "/tmp/rust_mozprofileYjBotY"
console.warn: SearchSettings: "get: No settings file exists, new profile?" (new Error("", "(unknown module)"))
1615450660312	Marionette	INFO	Listening on port 38167
1615450660371	Marionette	WARN	TLS certificate errors will be ignored for this session
1615450953123	Marionette	INFO	Stopped listening on port 38167
1615481894618	geckodriver	INFO	Listening on 127.0.0.1:60073
1615481894621	mozrunner::runner	INFO	Running command: "/usr/bin/firefox" "--marionette" "-foreground" "-no-remote" "-profile" "/tmp/rust_mozprofile41Q8dW"
console.warn: SearchSettings: "get: No settings file exists, new profile?" (new Error("", "(unknown module)"))
1615481896157	Marionette	INFO	Listening on port 40237
1615481896263	Marionette	WARN	TLS certificate errors will be ignored for this session
1615481936430	Marionette	INFO	Stopped listening on port 40237
1615483201832	geckodriver	INFO	Listening on 127.0.0.1:51387
1615483201836	mozrunner::runner	INFO	Running command: "/usr/bin/firefox" "--marionette" "-foreground" "-no-remote" "-profile" "/tmp/rust_mozprofileRgnvHh"
console.warn: SearchSettings: "get: No settings file exists, new profile?" (new Error("", "(unknown module)"))
1615483203231	Marionette	INFO	Listening on port 38121
1615483203260	Marionette	WARN	TLS certificate errors will be ignored for this session
1615483206206	Marionette	INFO	Stopped listening on port 38121
1615483508601	geckodriver	INFO	Listening on 127.0.0.1:51983
1615483508605	mozrunner::runner	INFO	Running command: "/usr/bin/firefox" "--marionette" "-foreground" "-no-remote" "-profile" "/tmp/rust_mozprofile2uZiB3"
console.warn: SearchSettings: "get: No settings file exists, new profile?" (new Error("", "(unknown module)"))
1615483509970	Marionette	INFO	Listening on port 42707
1615483510031	Marionette	WARN	TLS certificate errors will be ignored for this session
Marionette threw an error: TypeError: browsingContextFn().currentWindowGlobal is null
getMarionetteCommandsActorProxy/get/<@chrome://marionette/content/actors/MarionetteCommandsParent.jsm:332:29

console.error: Region.jsm: "Error fetching region" (new TypeError("NetworkError when attempting to fetch resource.", ""))
console.error: Region.jsm: "Failed to fetch region" (new Error("NO_RESULT", "resource://gre/modules/Region.jsm", 422))
1615483513150	Marionette	INFO	Stopped listening on port 42707

###!!! [Parent][RunMessage] Error: Channel closing: too late to send/recv, messages will be lost

1615483717438	geckodriver	INFO	Listening on 127.0.0.1:33699
1615483717441	mozrunner::runner	INFO	Running command: "/usr/bin/firefox" "--marionette" "-foreground" "-no-remote" "-profile" "/tmp/rust_mozprofileP3adlH"
console.warn: SearchSettings: "get: No settings file exists, new profile?" (new Error("", "(unknown module)"))
1615483718936	Marionette	INFO	Listening on port 35847
1615483718967	Marionette	WARN	TLS certificate errors will be ignored for this session
1615483743960	Marionette	INFO	Stopped listening on port 35847
1615488559905	geckodriver	INFO	Listening on 127.0.0.1:56267
1615488559908	mozrunner::runner	INFO	Running command: "/usr/bin/firefox" "--marionette" "-foreground" "-no-remote" "-profile" "/tmp/rust_mozprofileaUTwlg"
console.warn: SearchSettings: "get: No settings file exists, new profile?" (new Error("", "(unknown module)"))
1615488561729	Marionette	INFO	Listening on port 35857
1615488561833	Marionette	WARN	TLS certificate errors will be ignored for this session
1615488563078	Marionette	INFO	Stopped listening on port 35857
1615488975792	geckodriver	INFO	Listening on 127.0.0.1:42187
1615488975795	mozrunner::runner	INFO	Running command: "/usr/bin/firefox" "--marionette" "-foreground" "-no-remote" "-profile" "/tmp/rust_mozprofileX7kFYY"
console.warn: SearchSettings: "get: No settings file exists, new profile?" (new Error("", "(unknown module)"))
1615488977272	Marionette	INFO	Listening on port 32861
1615488977311	Marionette	WARN	TLS certificate errors will be ignored for this session
1615488979258	Marionette	INFO	Stopped listening on port 32861
1615488993796	geckodriver	INFO	Listening on 127.0.0.1:39999
1615488993799	mozrunner::runner	INFO	Running command: "/usr/bin/firefox" "--marionette" "-foreground" "-no-remote" "-profile" "/tmp/rust_mozprofileKWCu7U"
1615489102527	geckodriver	INFO	Listening on 127.0.0.1:49629
1615489102530	mozrunner::runner	INFO	Running command: "/usr/bin/firefox" "--marionette" "-foreground" "-no-remote" "-profile" "/tmp/rust_mozprofileDxpy7A"
Exiting due to channel error.
1615489240651	geckodriver	INFO	Listening on 127.0.0.1:60241
1615489240654	mozrunner::runner	INFO	Running command: "/usr/bin/firefox" "--marionette" "-foreground" "-no-remote" "-profile" "/tmp/rust_mozprofilePdbtJl"
Exiting due to channel error.
Exiting due to channel error.
1615489264561	geckodriver	INFO	Listening on 127.0.0.1:36809
1615489264564	mozrunner::runner	INFO	Running command: "/usr/bin/firefox" "--marionette" "-foreground" "-no-remote" "-profile" "/tmp/rust_mozprofileFMGWFW"
1615489328797	geckodriver	INFO	Listening on 127.0.0.1:43205
1615489328800	mozrunner::runner	INFO	Running command: "/usr/bin/firefox" "--marionette" "-foreground" "-no-remote" "-profile" "/tmp/rust_mozprofilegGwRq2"
console.warn: SearchSettings: "get: No settings file exists, new profile?" (new Error("", "(unknown module)"))
1615489330355	Marionette	INFO	Listening on port 37095
1615489330422	Marionette	WARN	TLS certificate errors will be ignored for this session
1615489332045	Marionette	INFO	Stopped listening on port 37095
1615489403562	geckodriver	INFO	Listening on 127.0.0.1:58371
1615489403566	mozrunner::runner	INFO	Running command: "/usr/bin/firefox" "--marionette" "-foreground" "-no-remote" "-profile" "/tmp/rust_mozprofile81Kmci"
console.warn: SearchSettings: "get: No settings file exists, new profile?" (new Error("", "(unknown module)"))
1615489404977	Marionette	INFO	Listening on port 38953
1615489405086	Marionette	WARN	TLS certificate errors will be ignored for this session
JavaScript error: resource://activity-stream/lib/ASRouter.jsm, line 988: NS_ERROR_ILLEGAL_VALUE: Component returned failure code: 0x80070057 (NS_ERROR_ILLEGAL_VALUE) [nsIObserverService.removeObserver]
1615489406109	Marionette	INFO	Stopped listening on port 38953
1615489652043	geckodriver	INFO	Listening on 127.0.0.1:40499
1615489652045	mozrunner::runner	INFO	Running command: "/usr/bin/firefox" "--marionette" "-foreground" "-no-remote" "-profile" "/tmp/rust_mozprofilelzptP2"
console.warn: SearchSettings: "get: No settings file exists, new profile?" (new Error("", "(unknown module)"))
1615489653480	Marionette	INFO	Listening on port 40545
1615489653567	Marionette	WARN	TLS certificate errors will be ignored for this session
1615489654788	Marionette	INFO	Stopped listening on port 40545
1615489689303	geckodriver	INFO	Listening on 127.0.0.1:40337
1615489689306	mozrunner::runner	INFO	Running command: "/usr/bin/firefox" "--marionette" "-foreground" "-no-remote" "-profile" "/tmp/rust_mozprofilemqVcYl"
console.warn: SearchSettings: "get: No settings file exists, new profile?" (new Error("", "(unknown module)"))
1615489690892	Marionette	INFO	Listening on port 46373
1615489690927	Marionette	WARN	TLS certificate errors will be ignored for this session
1615489692194	Marionette	INFO	Stopped listening on port 46373
1615489839529	geckodriver	INFO	Listening on 127.0.0.1:55831
1615489839531	mozrunner::runner	INFO	Running command: "/usr/bin/firefox" "--marionette" "-foreground" "-no-remote" "-profile" "/tmp/rust_mozprofileCrTA7L"
1615490006703	geckodriver	INFO	Listening on 127.0.0.1:36907
1615490006706	mozrunner::runner	INFO	Running command: "/usr/bin/firefox" "--marionette" "-foreground" "-no-remote" "-profile" "/tmp/rust_mozprofilehX2S9d"
1615490171144	geckodriver	INFO	Listening on 127.0.0.1:35799
1615490171147	mozrunner::runner	INFO	Running command: "/usr/bin/firefox" "--marionette" "-foreground" "-no-remote" "-profile" "/tmp/rust_mozprofileZ359MJ"
console.warn: SearchSettings: "get: No settings file exists, new profile?" (new Error("", "(unknown module)"))
1615490172571	Marionette	INFO	Listening on port 37867
1615490172666	Marionette	WARN	TLS certificate errors will be ignored for this session
IPDL protocol error: Handler returned error code!

###!!! [Parent][DispatchAsyncMessage] Error: PLayerTransaction::Msg_ReleaseLayer Processing error: message was deserialized, but the handler returned false (indicating failure)

1615490194624	Marionette	INFO	Stopped listening on port 37867
1615490212413	geckodriver	INFO	Listening on 127.0.0.1:38255
1615490212416	mozrunner::runner	INFO	Running command: "/usr/bin/firefox" "--marionette" "-foreground" "-no-remote" "-profile" "/tmp/rust_mozprofilemLClsu"
console.warn: SearchSettings: "get: No settings file exists, new profile?" (new Error("", "(unknown module)"))
1615490213918	Marionette	INFO	Listening on port 44851
1615490213936	Marionette	WARN	TLS certificate errors will be ignored for this session
Exiting due to channel error.
Exiting due to channel error.
Exiting due to channel error.
1615490260741	geckodriver	INFO	Listening on 127.0.0.1:41689
1615490260744	mozrunner::runner	INFO	Running command: "/usr/bin/firefox" "--marionette" "-foreground" "-no-remote" "-profile" "/tmp/rust_mozprofileb4R4l9"
console.warn: SearchSettings: "get: No settings file exists, new profile?" (new Error("", "(unknown module)"))
1615490262155	Marionette	INFO	Listening on port 40843
1615490262272	Marionette	WARN	TLS certificate errors will be ignored for this session
console.warn: services.settings: main/partitioning-exempt-urls sync interrupted by shutdown
1615490262960	Marionette	INFO	Stopped listening on port 40843
1615490276220	geckodriver	INFO	Listening on 127.0.0.1:39619
1615490276222	mozrunner::runner	INFO	Running command: "/usr/bin/firefox" "--marionette" "-foreground" "-no-remote" "-profile" "/tmp/rust_mozprofileJifebU"
console.warn: SearchSettings: "get: No settings file exists, new profile?" (new Error("", "(unknown module)"))
1615490277601	Marionette	INFO	Listening on port 46519
1615490277642	Marionette	WARN	TLS certificate errors will be ignored for this session
Exiting due to channel error.
Exiting due to channel error.
Exiting due to channel error.
1615490307597	geckodriver	INFO	Listening on 127.0.0.1:50279
1615490307600	mozrunner::runner	INFO	Running command: "/usr/bin/firefox" "--marionette" "-foreground" "-no-remote" "-profile" "/tmp/rust_mozprofileqW6IZo"
console.warn: SearchSettings: "get: No settings file exists, new profile?" (new Error("", "(unknown module)"))
1615490309027	Marionette	INFO	Listening on port 37813
1615490309129	Marionette	WARN	TLS certificate errors will be ignored for this session
1615490325616	Marionette	INFO	Stopped listening on port 37813
1615499191472	geckodriver	INFO	Listening on 127.0.0.1:48037
1615499191475	mozrunner::runner	INFO	Running command: "/usr/bin/firefox" "--marionette" "-foreground" "-no-remote" "-profile" "/tmp/rust_mozprofilepjEthe"
console.warn: SearchSettings: "get: No settings file exists, new profile?" (new Error("", "(unknown module)"))
1615499192810	Marionette	INFO	Listening on port 32953
1615499192897	Marionette	WARN	TLS certificate errors will be ignored for this session
1615499216315	Marionette	INFO	Stopped listening on port 32953
1615499300866	geckodriver	INFO	Listening on 127.0.0.1:58017
1615499300869	mozrunner::runner	INFO	Running command: "/usr/bin/firefox" "--marionette" "-foreground" "-no-remote" "-profile" "/tmp/rust_mozprofileCA5BIQ"
console.warn: SearchSettings: "get: No settings file exists, new profile?" (new Error("", "(unknown module)"))
1615499302312	Marionette	INFO	Listening on port 43395
1615499302393	Marionette	WARN	TLS certificate errors will be ignored for this session
1615499314186	Marionette	INFO	Stopped listening on port 43395
1615617021995	geckodriver	INFO	Listening on 127.0.0.1:51671
1615617025022	mozrunner::runner	INFO	Running command: "C:\\Program Files\\Mozilla Firefox\\firefox.exe" "--marionette" "-foreground" "-no-remote" "-profile" "C:\\Users\\rlngu\\AppData\\Local\\Temp\\rust_mozprofileosYRin"
console.warn: SearchSettings: "get: No settings file exists, new profile?" (new Error("", "(unknown module)"))
1615617026443	Marionette	INFO	Listening on port 51679
1615617026554	Marionette	WARN	TLS certificate errors will be ignored for this session
JavaScript error: https://pagead2.googlesyndication.com/pagead/js/r20210309/r20190131/show_ads_impl_fy2019.js, line 260: Error: XHR error: https://partner.googleadservices.com/gampad/cookie.js?domain=vjudge.net&client=ca-pub-9098591903020457&cookie=ID=9d4e5911e82fb5c5-220379ebdfc6002e:T=1615617027:RT=1615617027:S=ALNI_MaDd6T9Cf1lWvihEw5Jw7udzwoUTQ
JavaScript error: resource://gre/modules/TelemetryEnvironment.jsm, line 1117: TypeError: can't convert null to object
1615617100879	Marionette	INFO	Stopped listening on port 51679

###!!! [Child][RunMessage] Error: Channel closing: too late to send/recv, messages will be lost

1615617828085	geckodriver	INFO	Listening on 127.0.0.1:52011
1615617831117	mozrunner::runner	INFO	Running command: "C:\\Program Files\\Mozilla Firefox\\firefox.exe" "--marionette" "-foreground" "-no-remote" "-profile" "C:\\Users\\rlngu\\AppData\\Local\\Temp\\rust_mozprofilemNMw0q"
console.warn: SearchSettings: "get: No settings file exists, new profile?" (new Error("", "(unknown module)"))
1615617832616	Marionette	INFO	Listening on port 52019
1615617832638	Marionette	WARN	TLS certificate errors will be ignored for this session
JavaScript error: resource://gre/modules/TelemetryEnvironment.jsm, line 1117: TypeError: can't convert null to object
1615618014717	Marionette	INFO	Stopped listening on port 52019

###!!! [Child][RunMessage] Error: Channel closing: too late to send/recv, messages will be lost

"--marionette" "-foreground" "-no-remote" "-profile" "C:\\Users\\rlngu\\AppData\\Local\\Temp\\rust_mozprofilehMGzDZ"
console.warn: SearchSettings: "get: No settings file exists, new profile?" (new Error("", "(unknown module)"))
1615617939841	Marionette	INFO	Listening on port 52113
1615617940332	Marionette	WARN	TLS certificate errors will be ignored for this session
1615617953374	Marionette	INFO	Stopped listening on port 52113
JavaScript error: resource://gre/modules/TelemetryEnvironment.jsm, line 1117: TypeError: can't convert null to object

###!!! [Child][RunMessage] Error: Channel closing: too late to send/recv, messages will be lost

