1615940829796	geckodriver	INFO	Listening on 127.0.0.1:54108
1615940832835	mozrunner::runner	INFO	Running command: "C:\\Program Files\\Mozilla Firefox\\firefox.exe" "--marionette" "-foreground" "-no-remote" "-profile" "C:\\Users\\rlngu\\AppData\\Local\\Temp\\rust_mozprofileFY7WG0"
console.warn: SearchSettings: "get: No settings file exists, new profile?" (new Error("", "(unknown module)"))
1615940834468	Marionette	INFO	Listening on port 54116
1615940834858	Marionette	WARN	TLS certificate errors will be ignored for this session
1615940841876	Marionette	INFO	Stopped listening on port 54116

###!!! [Child][RunMessage] Error: Channel closing: too late to send/recv, messages will be lost

1615940879691	geckodriver	INFO	Listening on 127.0.0.1:54185
1615940882710	mozrunner::runner	INFO	Running command: "C:\\Program Files\\Mozilla Firefox\\firefox.exe" "--marionette" "-foreground" "-no-remote" "-profile" "C:\\Users\\rlngu\\AppData\\Local\\Temp\\rust_mozprofile8vj2uy"
console.warn: SearchSettings: "get: No settings file exists, new profile?" (new Error("", "(unknown module)"))
1615940884299	Marionette	INFO	Listening on port 54193
1615940884734	Marionette	WARN	TLS certificate errors will be ignored for this session
SourceActor threw an exception: Error: Failed to fetch https://uiom.edd.ca.gov/UIOM/Pages/ExternalUser/Certification/FormCCA4581RegularDUAWorkSearchRecordDetails.aspx. Code 2152398879.
Stack: onResponse@resource://devtools/shared/DevToolsUtils.js:556:16
onStopRequest@resource://gre/modules/NetUtil.jsm:128:18
Line: 556, column: 16
console.error: (new Error("Failed to fetch https://uiom.edd.ca.gov/UIOM/Pages/ExternalUser/Certification/FormCCA4581RegularDUAWorkSearchRecordDetails.aspx. Code 2152398879.", "resource://devtools/shared/DevToolsUtils.js", 556))
JavaScript error: resource://devtools/shared/DevToolsUtils.js, line 556: Error: Failed to fetch https://uiom.edd.ca.gov/UIOM/Pages/ExternalUser/Certification/FormCCA4581RegularDUAWorkSearchRecordDetails.aspx. Code 2152398879.
IPDL protocol error: Handler returned error code!

###!!! [Parent][DispatchAsyncMessage] Error: PLayerTransaction::Msg_ReleaseLayer Processing error: message was deserialized, but the handler returned false (indicating failure)

IPDL protocol error: Handler returned error code!

###!!! [Parent][DispatchAsyncMessage] Error: PLayerTransaction::Msg_ReleaseLayer Processing error: message was deserialized, but the handler returned false (indicating failure)

IPDL protocol error: Handler returned error code!

###!!! [Parent][DispatchAsyncMessage] Error: PLayerTransaction::Msg_ReleaseLayer Processing error: message was deserialized, but the handler returned false (indicating failure)

IPDL protocol error: Handler returned error code!

###!!! [Parent][DispatchAsyncMessage] Error: PLayerTransaction::Msg_ReleaseLayer Processing error: message was deserialized, but the handler returned false (indicating failure)

IPDL protocol error: Handler returned error code!

###!!! [Parent][DispatchAsyncMessage] Error: PLayerTransaction::Msg_ReleaseLayer Processing error: message was deserialized, but the handler returned false (indicating failure)

IPDL protocol error: Handler returned error code!

###!!! [Parent][DispatchAsyncMessage] Error: PLayerTransaction::Msg_ReleaseLayer Processing error: message was deserialized, but the handler returned false (indicating failure)

1615941006958	Marionette	INFO	Stopped listening on port 54193

###!!! [Child][RunMessage] Error: Channel closing: too late to send/recv, messages will be lost

1615941011625	geckodriver	INFO	Listening on 127.0.0.1:54284
1615941014644	mozrunner::runner	INFO	Running command: "C:\\Program Files\\Mozilla Firefox\\firefox.exe" "--marionette" "-foreground" "-no-remote" "-profile" "C:\\Users\\rlngu\\AppData\\Local\\Temp\\rust_mozprofileG9qNOO"
console.warn: SearchSettings: "get: No settings file exists, new profile?" (new Error("", "(unknown module)"))
1615941016203	Marionette	INFO	Listening on port 54292
1615941016666	Marionette	WARN	TLS certificate errors will be ignored for this session
1615941050063	Marionette	INFO	Stopped listening on port 54292

###!!! [Child][RunMessage] Error: Channel closing: too late to send/recv, messages will be lost

